c:\users\asus\source\repos\ballgame\ballgame\x64\debug\vc143.pdb
c:\users\asus\source\repos\ballgame\ballgame\x64\debug\vc143.idb
c:\users\asus\source\repos\ballgame\ballgame\x64\debug\spore.obj
c:\users\asus\source\repos\ballgame\ballgame\x64\debug\scene.obj
c:\users\asus\source\repos\ballgame\ballgame\x64\debug\menu.obj
c:\users\asus\source\repos\ballgame\ballgame\x64\debug\main.obj
c:\users\asus\source\repos\ballgame\ballgame\x64\debug\game.obj
c:\users\asus\source\repos\ballgame\ballgame\x64\debug\bean.obj
c:\users\asus\source\repos\ballgame\ballgame\x64\debug\ball.obj
c:\users\asus\source\repos\ballgame\ballgame\x64\debug\background.obj
c:\users\asus\source\repos\ballgame\ballgame\x64\debug\file.obj
c:\users\asus\source\repos\ballgame\x64\debug\ballgame.exe
c:\users\asus\source\repos\ballgame\ballgame\x64\debug\ballgame.ilk
c:\users\asus\source\repos\ballgame\x64\debug\ballgame.pdb
c:\users\asus\source\repos\ballgame\ballgame\x64\debug\ballgame.tlog\cl.command.1.tlog
c:\users\asus\source\repos\ballgame\ballgame\x64\debug\ballgame.tlog\cl.read.1.tlog
c:\users\asus\source\repos\ballgame\ballgame\x64\debug\ballgame.tlog\cl.write.1.tlog
c:\users\asus\source\repos\ballgame\ballgame\x64\debug\ballgame.tlog\link.command.1.tlog
c:\users\asus\source\repos\ballgame\ballgame\x64\debug\ballgame.tlog\link.read.1.tlog
c:\users\asus\source\repos\ballgame\ballgame\x64\debug\ballgame.tlog\link.write.1.tlog
